<?xml version="1.0" encoding="UTF-8"?>
<!-- Generated by org.testng.reporters.JUnitXMLReporter -->
<testsuite ignored="0" hostname="LAPTOP-9R80R14N" failures="0" tests="2" name="Default test" time="21.401" errors="0" timestamp="2020-06-17T12:24:43 PDT">
  <testcase classname="com.tekarch.qa.testcases.CalculatorPageTest" name="verifycalculatorinput1" time="0.013"/>
  <testcase classname="com.tekarch.qa.testcases.CalculatorPageTest" name="verifycalculatorinput5" time="0.003"/>
</testsuite> <!-- Default test -->
