<?xml version="1.0" encoding="UTF-8"?>
<!-- Generated by org.testng.reporters.JUnitXMLReporter -->
<testsuite ignored="0" hostname="LAPTOP-9R80R14N" failures="0" tests="6" name="TekArch application Testcases" time="64.192" errors="0" timestamp="2020-06-17T12:47:37 PDT">
  <testcase classname="com.tekarch.qa.testcases.LoginPageTest" name="loginTest" time="1.028"/>
  <testcase classname="com.tekarch.qa.testcases.HomePageTest" name="verifyhomepagetitleTest" time="0.012"/>
  <testcase classname="com.tekarch.qa.testcases.HomePageTest" name="verfifyCalculatorpage" time="1.145"/>
  <testcase classname="com.tekarch.qa.testcases.HomePageTest" name="verifyfileuploadpage" time="1.417"/>
  <testcase classname="com.tekarch.qa.testcases.CalculatorPageTest" name="verifycalculatorinput1" time="0.002"/>
  <testcase classname="com.tekarch.qa.testcases.CalculatorPageTest" name="verifycalculatorinput5" time="0.003"/>
</testsuite> <!-- TekArch application Testcases -->
